make e2e
# Generated by scripts/evidence.py on 2026-07-21, source log: test-results\e2e_all.log

[regress] cmd: npm run e2e
[regress] date: 2026-07-21T11:45:10
...
  ok 34 e2e\smoke.spec.ts:7:1 › 骨架冒烟 (9.2s)
  ok 35 e2e\star-brightness-cap.spec.ts:35:3 › M3-04 星空不盖过信息层（SPEC-3.5 相对亮度契约） › 默认机位与旋转后机位，星空安全区最大 luma 均不高于昼面海岸线 luma (7.3s)
  ok 30 e2e\marker-category-severity.spec.ts:188:1 › severity 1/2/3 标记尺寸与脉冲光环幅度依级递增，severity 3 呈持续脉冲环（SPEC-3.7，截图存证） (17.4s)
  ok 39 e2e\panel-marker-linkage.spec.ts:159:1 › marker→list：hover 球面标记使面板对应列表行进入强调态，具体对应且可逆（SPEC-7.4） (3.9s)
  ok 40 e2e\event-panel.spec.ts:224:1 › 无事件时显示空状态文案「暂无事件」（SPEC-2.2a） (4.0s)
  ok 43 e2e\topbar-brand-clock.spec.ts:10:1 › 顶栏渲染品牌名文本「Worlens」（SPEC-2.1） (3.0s)
  ok 38 e2e\satellite-lazy-load.spec.ts:38:3 › M2-17 卫星昼夜底图退出默认加载路径 › ?style=satellite 时钩子有效——卫星纹理照常请求并加载完成（SPEC-3.2③「仅显式切换才触发加载」的可操作代理） (6.7s)
  ok 42 e2e\starfield.spec.ts:30:1 › 相机旋转时星空区域像素随之变化（SPEC-3.5） (6.3s)
  ok 45 e2e\panel-marker-linkage.spec.ts:219:1 › 扩容路径（事件数越过 256，SPEC-3.8 规模场景）后 marker→list 拾取仍正确（SPEC-7.4） (5.6s)
  ok 37 e2e\marker-severity-tri-channel.spec.ts:255:1 › 发光三通道存在性：sev3 脉冲环随时间起伏 / sev2 静态环恒定 / sev1 无环（SPEC-3.7，截图存证） (14.4s)
  ok 44 e2e\vector-earth-style.spec.ts:102:3 › M2-15 矢量默认风格昼夜混合与视觉参数 › 昼半球取样：底面/海岸线昼端 pin 色、默认远景无经纬网格、未加载卫星纹理（SPEC-3.2②/3.2a） (7.5s)
  ok 47 e2e\topbar-brand-clock.spec.ts:17:1 › 顶栏高度为 48px（SPEC-2.1） (5.1s)
  ok 46 e2e\zoom-range.spec.ts:40:1 › 滚轮缩放距离被限制在 [1.8, 6]，向外/向内超界输入均不能突破边界（SPEC-7.2） (7.5s)
  ok 50 e2e\topbar-brand-clock.spec.ts:26:1 › 顶栏 UTC 时钟文本格式为 HH:MM:SS UTC（SPEC-2.1） (2.5s)
  ok 49 e2e\vector-earth-style.spec.ts:166:3 › M2-15 矢量默认风格昼夜混合与视觉参数 › 夜端暗于昼端；海岸线夜面辉光存在与色相 #3a5a72（SPEC-3.2a 夜面条款 + SPEC-3.3 非叠加） (6.2s)
  ok 51 e2e\zoom-range.spec.ts:82:1 › 双指捏合缩放同样被限制在 [1.8, 6]，向外/向内超界输入均不能突破边界（SPEC-7.2） (6.2s)
  ok 41 e2e\idle-spin.spec.ts:121:3 › 空闲自转与输入打断（SPEC-7.3） › 自转期间的拖拽输入立即使自转停止（SPEC-7.3） (17.7s)
  ok 52 e2e\topbar-brand-clock.spec.ts:49:1 › UTC 时钟实时刷新——间隔 >1s 两次采样取值不同（SPEC-2.1） (6.8s)
  ok 55 e2e\topbar-brand-clock.spec.ts:67:1 › 顶栏不含行情 ticker 占位文本（SPEC-2.1，BUG-026） (2.6s)
  ok 48 e2e\starfield.spec.ts:53:1 › 地球自转（空闲自转）期间星空区域像素不随之变化（SPEC-3.5，需附截图） (18.8s)
  ok 53 e2e\vector-earth-style.spec.ts:250:3 › M2-15 矢量默认风格昼夜混合与视觉参数 › 晨昏线过渡带 t∈[-0.1,+0.1] smoothstep 软过渡（SPEC-3.2①，矢量自身 shader） (18.3s)
  ok 54 e2e\idle-spin.spec.ts:158:3 › 空闲自转与输入打断（SPEC-7.3） › 空闲自转角速度按真实时间换算 ≈1.2°/s，与 SPEC-7.3 + SPEC-7.5 的时间基准换算一致 (19.6s)

  55 passed (1.7m)
[regress] RESULT: PASS (exit 0)
