make e2e
# Generated by scripts/evidence.py on 2026-07-21, source log: test-results\e2e_all.log

[regress] cmd: npm run e2e
[regress] date: 2026-07-20T17:52:45
...
Running 20 tests using 8 workers

  ok  8 e2e\globe-init.spec.ts:11:1 › 地球几何与相机初始参数符合 SPEC-3.1 (3.0s)
  ok  7 e2e\satellite-lazy-load.spec.ts:23:3 › M2-17 卫星昼夜底图退出默认加载路径 › 默认（矢量）启动不请求卫星昼/夜纹理（SPEC-3.2③ + SPEC-3.9） (4.1s)
  ok  6 e2e\smoke.spec.ts:4:1 › 骨架冒烟 (6.1s)
  ok  2 e2e\drag-inertia.spec.ts:36:1 › 拖拽水平方位角无限制（可累计超 360°），地球本体不因拖拽转动（SPEC-7.1） (11.1s)
  ok  1 e2e\atmosphere-glow.spec.ts:44:1 › 球缘菲涅尔辉光主色偏蓝且强度沿径向向外单调衰减（SPEC-3.4） (13.8s)
  ok  3 e2e\idle-spin.spec.ts:33:3 › 空闲自转与输入打断（SPEC-7.3） › 空闲 10s 内不自转，越过阈值后地球本体持续自转，相机与星空全程不动（SPEC-7.3） (17.8s)
  ok  9 e2e\starfield.spec.ts:30:1 › 相机旋转时星空区域像素随之变化（SPEC-3.5） (13.3s)
  ok 11 e2e\zoom-range.spec.ts:40:1 › 滚轮缩放距离被限制在 [1.8, 6]，向外/向内超界输入均不能突破边界（SPEC-7.2） (14.3s)
  ok  4 e2e\day-side-no-lights.spec.ts:97:3 › M1-14 昼半球不叠加夜景灯光 › 昼侧取样点不随 uNightGain 变化、夜侧随之变化（SPEC-3.3 第二句 + SPEC-3.2） (21.0s)
  ok 10 e2e\satellite-lazy-load.spec.ts:38:3 › M2-17 卫星昼夜底图退出默认加载路径 › ?style=satellite 时钩子有效——卫星纹理照常请求并加载完成（SPEC-3.2③「仅显式切换才触发加载」的可操作代理） (14.8s)
  ok 12 e2e\drag-inertia.spec.ts:86:1 › 垂直仰角限制在纬度 ±85° 以内，不可拖出（SPEC-7.1） (15.5s)
  ok 15 e2e\zoom-range.spec.ts:77:1 › 双指捏合缩放同样被限制在 [1.8, 6]，向外/向内超界输入均不能突破边界（SPEC-7.2） (8.7s)
  ok 13 e2e\idle-spin.spec.ts:83:3 › 空闲自转与输入打断（SPEC-7.3） › 自转期间的滚轮输入立即使自转停止（SPEC-7.3） (20.3s)
  ok 14 e2e\starfield.spec.ts:53:1 › 地球自转（空闲自转）期间星空区域像素不随之变化（SPEC-3.5，需附截图） (19.4s)
  ok  5 e2e\day-night-calibration.spec.ts:46:3 › M1-05 昼夜混合晨昏线与格林尼治校准 › 晨昏线在 t∈[-0.1,+0.1] 内呈现渐变过渡、band 外趋于饱和（SPEC-3.2） (39.8s)
  ok 16 e2e\day-side-no-lights.spec.ts:169:3 › M1-14 昼半球不叠加夜景灯光 › 取样点由真实时刻驱动的当前 uSunDir 反算时同一不变性成立（SPEC-4.5 + SPEC-3.3） (18.7s)
  ok 17 e2e\drag-inertia.spec.ts:135:1 › 释放拖拽后惯性按真实时间衰减并收敛停止，收敛后无输入相机不再漂移（SPEC-7.1 + SPEC-7.5） (14.7s)
  ok 19 e2e\day-night-calibration.spec.ts:195:3 › M1-05 昼夜混合晨昏线与格林尼治校准 › 格林尼治 (lat0,lon0) 校准标记落在画布几何中心，截图供人工判读几内亚湾位置（SPEC-3.6） (3.0s)
  ok 18 e2e\idle-spin.spec.ts:113:3 › 空闲自转与输入打断（SPEC-7.3） › 自转期间的拖拽输入立即使自转停止（SPEC-7.3） (15.3s)
  ok 20 e2e\idle-spin.spec.ts:150:3 › 空闲自转与输入打断（SPEC-7.3） › 空闲自转角速度按真实时间换算 ≈1.2°/s，与 SPEC-7.3 + SPEC-7.5 的时间基准换算一致 (16.6s)

  20 passed (1.2m)
[regress] RESULT: PASS (exit 0)
